
----------------------------------------------------------------------------
--                            Design Analysis                             --
----------------------------------------------------------------------------
Analyze pcore eeprom ...

INFO:MDT - Generic parameter C_BASEADDR/C_HIGHADDR will not be used since user
   does not have any register space ...

----------------------------------------------------------------------------
--                            Design Analysis                             --
----------------------------------------------------------------------------
Analyze pcore eeprom ...

INFO:MDT - Generic parameter C_BASEADDR/C_HIGHADDR will not be used since user
   does not have any register space ...

----------------------------------------------------------------------------
--                            File Generation                             --
----------------------------------------------------------------------------
Creating HDL source directory ...
Generating top peripheral VHDL template ...
Generating stub user logic Verilog template ...
HDL templates successfully generated ...
Creating data directory ...
Generating XPS inteface files ...
WARNING:HDLParsers:3497 - Ignoring Verilog File
   "C:/work/eeprom/MyProcessorIPLib/pcores/eeprom_v1_04_a/data/../hdl/verilog/us
   er_logic.v"
Compiling vhdl file
"C:/Xilinx_10.1/EDK/hw/XilinxProcessorIPLib/pcores/proc_common_v2_00_a/hdl/vhdl/
proc_common_pkg.vhd" in Library proc_common_v2_00_a.
Package <proc_common_pkg> compiled.
Package body <proc_common_pkg> compiled.
Compiling vhdl file
"C:/Xilinx_10.1/EDK/hw/XilinxProcessorIPLib/pcores/proc_common_v2_00_a/hdl/vhdl/
or_muxcy.vhd" in Library proc_common_v2_00_a.
Entity <or_muxcy> compiled.
Entity <or_muxcy> (Architecture <implementation>) compiled.
Compiling vhdl file
"C:/Xilinx_10.1/EDK/hw/XilinxProcessorIPLib/pcores/proc_common_v2_00_a/hdl/vhdl/
family_support.vhd" in Library proc_common_v2_00_a.
Package <family_support> compiled.
Package body <family_support> compiled.
Compiling vhdl file
"C:/Xilinx_10.1/EDK/hw/XilinxProcessorIPLib/pcores/proc_common_v2_00_a/hdl/vhdl/
counter_f.vhd" in Library proc_common_v2_00_a.
Entity <counter_f> compiled.
Entity <counter_f> (Architecture <imp>) compiled.
Compiling vhdl file
"C:/Xilinx_10.1/EDK/hw/XilinxProcessorIPLib/pcores/proc_common_v2_00_a/hdl/vhdl/
pselect_f.vhd" in Library proc_common_v2_00_a.
Entity <pselect_f> compiled.
Entity <pselect_f> (Architecture <imp>) compiled.
Compiling vhdl file
"C:/Xilinx_10.1/EDK/hw/XilinxProcessorIPLib/pcores/proc_common_v2_00_a/hdl/vhdl/
or_gate128.vhd" in Library proc_common_v2_00_a.
Entity <or_gate128> compiled.
Entity <or_gate128> (Architecture <imp>) compiled.
Compiling vhdl file
"C:/Xilinx_10.1/EDK/hw/XilinxProcessorIPLib/pcores/proc_common_v2_00_a/hdl/vhdl/
ipif_pkg.vhd" in Library proc_common_v2_00_a.
Package <ipif_pkg> compiled.
Package body <ipif_pkg> compiled.
Compiling vhdl file
"C:/Xilinx_10.1/EDK/hw/XilinxProcessorIPLib/pcores/plbv46_slave_single_v1_00_a/h
dl/vhdl/plb_address_decoder.vhd" in Library plbv46_slave_single_v1_00_a.
Entity <plb_address_decoder> compiled.
Entity <plb_address_decoder> (Architecture <IMP>) compiled.
Compiling vhdl file
"C:/Xilinx_10.1/EDK/hw/XilinxProcessorIPLib/pcores/plbv46_slave_single_v1_00_a/h
dl/vhdl/plb_slave_attachment.vhd" in Library plbv46_slave_single_v1_00_a.
Entity <plb_slave_attachment> compiled.
Entity <plb_slave_attachment> (Architecture <implementation>) compiled.
Compiling vhdl file
"C:/Xilinx_10.1/EDK/hw/XilinxProcessorIPLib/pcores/plbv46_slave_single_v1_00_a/h
dl/vhdl/plbv46_slave_single.vhd" in Library plbv46_slave_single_v1_00_a.
Entity <plbv46_slave_single> compiled.
Entity <plbv46_slave_single> (Architecture <implementation>) compiled.
Compiling vhdl file
"C:/work/eeprom/MyProcessorIPLib/pcores/eeprom_v1_04_a/data/../hdl/vhdl/eeprom.v
hd" in Library eeprom_v1_04_a.
Entity <eeprom> compiled.
Entity <eeprom> (Architecture <IMP>) compiled.


Analyzing HDL attributes ...
INFO:MDT - IPTYPE set to value : PERIPHERAL
INFO:MDT - IMP_NETLIST set to value : TRUE
INFO:MDT - HDL set to value : VHDL
WARNING:MDT - Unable to delete temparary XST project file
   C:\work\eeprom\MyProcessorIPLib\pcores\eeprom_v1_04_a\data\_eeprom_xst.prj :
   13
XPS interface files successfully generated ...
Creating development directory ...
Generating command option file ...
Generating readme file ...
Development misc files successfully generated ...
No ProjNavigator support files will be generated at this time ...
No XST synthesis support files will be generated at this time ...
No BFM simulation files will be generated at this time ...
No software driver files will be generated at this time ...

----------------------------------------------------------------------------
--                              Final Report                              --
----------------------------------------------------------------------------
Thank you for using Create and Import Peripheral Wizard! Please find your
peripheral hardware templates under
C:\work\eeprom\MyProcessorIPLib/pcores/eeprom_v1_04_a.

Peripheral Summary:

  top name       : eeprom
  version        : 1.04.a
  type           : PLB (v4.6) slave
  features       : slave attachment
                   user memory spaces

Address Block Summary:

  user memory 0  : C_MEM0_BASEADDR
                 : C_MEM0_HIGHADDR

File Summary

  - HDL source -
  C:\work\eeprom\MyProcessorIPLib/pcores/eeprom_v1_04_a/hdl
  top entity     : vhdl/eeprom.vhd
  user logic     : verilog/user_logic.v

  - XPS interface -
  C:\work\eeprom\MyProcessorIPLib/pcores/eeprom_v1_04_a/data
  mpd            : eeprom_v2_1_0.mpd
  pao            : eeprom_v2_1_0.pao

  - Misc file -
  C:\work\eeprom\MyProcessorIPLib/pcores/eeprom_v1_04_a/devl
  help           : README.txt
  option         : ipwiz.opt
  log            : ipwiz.log


